<?xml version="1.0" encoding="UTF-8"?>
<!-- Generated by org.testng.reporters.JUnitReportReporter -->
<testsuite hostname="LAPTOP-KDQSN3G6" failures="0" tests="1" name="RestApiAutomationFramework.NewTest" time="0.027" errors="0" timestamp="26 May 2019 15:17:38 GMT" skipped="0">
  <testcase classname="RestApiAutomationFramework.NewTest" name="f" time="0.027"/>
</testsuite> <!-- RestApiAutomationFramework.NewTest -->
