<?xml version="1.0" encoding="UTF-8"?>
<!-- Generated by org.testng.reporters.JUnitReportReporter -->
<testsuite hostname="LAPTOP-KDQSN3G6" failures="0" tests="1" name="com.mukul.test.NewTest" time="0.032" errors="0" timestamp="01 Jun 2019 16:48:33 GMT" skipped="0">
  <testcase classname="com.mukul.test.NewTest" name="Test" time="0.032"/>
</testsuite> <!-- com.mukul.test.NewTest -->
